Analysis & Synthesis report for Lab2_22520696_DuongAnhKhoi
Sun Apr 06 22:01:18 2025
Quartus II 64-Bit Version 13.0.1 Build 232 06/12/2013 Service Pack 1 SJ Web Edition


---------------------
; Table of Contents ;
---------------------
  1. Legal Notice
  2. Analysis & Synthesis Summary
  3. Analysis & Synthesis Settings
  4. Parallel Compilation
  5. Analysis & Synthesis Source Files Read
  6. Analysis & Synthesis Resource Usage Summary
  7. Analysis & Synthesis Resource Utilization by Entity
  8. Analysis & Synthesis RAM Summary
  9. General Register Statistics
 10. Registers Packed Into Inferred Megafunctions
 11. Source assignments for altsyncram:regFile_rtl_0|altsyncram_sng1:auto_generated
 12. Source assignments for altsyncram:regFile_rtl_1|altsyncram_sng1:auto_generated
 13. Parameter Settings for Inferred Entity Instance: altsyncram:regFile_rtl_0
 14. Parameter Settings for Inferred Entity Instance: altsyncram:regFile_rtl_1
 15. altsyncram Parameter Settings by Entity Instance
 16. Elapsed Time Per Partition
 17. Analysis & Synthesis Messages
 18. Analysis & Synthesis Suppressed Messages



----------------
; Legal Notice ;
----------------
Copyright (C) 1991-2013 Altera Corporation
Your use of Altera Corporation's design tools, logic functions 
and other software and tools, and its AMPP partner logic 
functions, and any output files from any of the foregoing 
(including device programming or simulation files), and any 
associated documentation or information are expressly subject 
to the terms and conditions of the Altera Program License 
Subscription Agreement, Altera MegaCore Function License 
Agreement, or other applicable license agreement, including, 
without limitation, that your use is for the sole purpose of 
programming logic devices manufactured by Altera and sold by 
Altera or its authorized distributors.  Please refer to the 
applicable agreement for further details.



+--------------------------------------------------------------------------------------+
; Analysis & Synthesis Summary                                                         ;
+------------------------------------+-------------------------------------------------+
; Analysis & Synthesis Status        ; Successful - Sun Apr 06 22:01:18 2025           ;
; Quartus II 64-Bit Version          ; 13.0.1 Build 232 06/12/2013 SP 1 SJ Web Edition ;
; Revision Name                      ; Lab2_22520696_DuongAnhKhoi                      ;
; Top-level Entity Name              ; Lab2_22520696_DuongAnhKhoi_BTThem               ;
; Family                             ; Cyclone II                                      ;
; Total logic elements               ; 64                                              ;
;     Total combinational functions  ; 0                                               ;
;     Dedicated logic registers      ; 64                                              ;
; Total registers                    ; 64                                              ;
; Total pins                         ; 194                                             ;
; Total virtual pins                 ; 0                                               ;
; Total memory bits                  ; 2,048                                           ;
; Embedded Multiplier 9-bit elements ; 0                                               ;
; Total PLLs                         ; 0                                               ;
+------------------------------------+-------------------------------------------------+


+---------------------------------------------------------------------------------------------------------------------------------------------+
; Analysis & Synthesis Settings                                                                                                               ;
+----------------------------------------------------------------------------+-----------------------------------+----------------------------+
; Option                                                                     ; Setting                           ; Default Value              ;
+----------------------------------------------------------------------------+-----------------------------------+----------------------------+
; Device                                                                     ; EP2C35F672C6                      ;                            ;
; Top-level entity name                                                      ; Lab2_22520696_DuongAnhKhoi_BTThem ; Lab2_22520696_DuongAnhKhoi ;
; Family name                                                                ; Cyclone II                        ; Cyclone IV GX              ;
; Use smart compilation                                                      ; Off                               ; Off                        ;
; Enable parallel Assembler and TimeQuest Timing Analyzer during compilation ; On                                ; On                         ;
; Enable compact report table                                                ; Off                               ; Off                        ;
; Restructure Multiplexers                                                   ; Auto                              ; Auto                       ;
; Create Debugging Nodes for IP Cores                                        ; Off                               ; Off                        ;
; Preserve fewer node names                                                  ; On                                ; On                         ;
; Disable OpenCore Plus hardware evaluation                                  ; Off                               ; Off                        ;
; Verilog Version                                                            ; Verilog_2001                      ; Verilog_2001               ;
; VHDL Version                                                               ; VHDL_1993                         ; VHDL_1993                  ;
; State Machine Processing                                                   ; Auto                              ; Auto                       ;
; Safe State Machine                                                         ; Off                               ; Off                        ;
; Extract Verilog State Machines                                             ; On                                ; On                         ;
; Extract VHDL State Machines                                                ; On                                ; On                         ;
; Ignore Verilog initial constructs                                          ; Off                               ; Off                        ;
; Iteration limit for constant Verilog loops                                 ; 5000                              ; 5000                       ;
; Iteration limit for non-constant Verilog loops                             ; 250                               ; 250                        ;
; Add Pass-Through Logic to Inferred RAMs                                    ; On                                ; On                         ;
; Infer RAMs from Raw Logic                                                  ; On                                ; On                         ;
; Parallel Synthesis                                                         ; On                                ; On                         ;
; DSP Block Balancing                                                        ; Auto                              ; Auto                       ;
; NOT Gate Push-Back                                                         ; On                                ; On                         ;
; Power-Up Don't Care                                                        ; On                                ; On                         ;
; Remove Redundant Logic Cells                                               ; Off                               ; Off                        ;
; Remove Duplicate Registers                                                 ; On                                ; On                         ;
; Ignore CARRY Buffers                                                       ; Off                               ; Off                        ;
; Ignore CASCADE Buffers                                                     ; Off                               ; Off                        ;
; Ignore GLOBAL Buffers                                                      ; Off                               ; Off                        ;
; Ignore ROW GLOBAL Buffers                                                  ; Off                               ; Off                        ;
; Ignore LCELL Buffers                                                       ; Off                               ; Off                        ;
; Ignore SOFT Buffers                                                        ; On                                ; On                         ;
; Limit AHDL Integers to 32 Bits                                             ; Off                               ; Off                        ;
; Optimization Technique                                                     ; Balanced                          ; Balanced                   ;
; Carry Chain Length                                                         ; 70                                ; 70                         ;
; Auto Carry Chains                                                          ; On                                ; On                         ;
; Auto Open-Drain Pins                                                       ; On                                ; On                         ;
; Perform WYSIWYG Primitive Resynthesis                                      ; Off                               ; Off                        ;
; Auto ROM Replacement                                                       ; On                                ; On                         ;
; Auto RAM Replacement                                                       ; On                                ; On                         ;
; Auto Shift Register Replacement                                            ; Auto                              ; Auto                       ;
; Allow Shift Register Merging across Hierarchies                            ; Auto                              ; Auto                       ;
; Auto Clock Enable Replacement                                              ; On                                ; On                         ;
; Strict RAM Replacement                                                     ; Off                               ; Off                        ;
; Allow Synchronous Control Signals                                          ; On                                ; On                         ;
; Force Use of Synchronous Clear Signals                                     ; Off                               ; Off                        ;
; Auto RAM to Logic Cell Conversion                                          ; Off                               ; Off                        ;
; Auto Resource Sharing                                                      ; Off                               ; Off                        ;
; Allow Any RAM Size For Recognition                                         ; Off                               ; Off                        ;
; Allow Any ROM Size For Recognition                                         ; Off                               ; Off                        ;
; Allow Any Shift Register Size For Recognition                              ; Off                               ; Off                        ;
; Use LogicLock Constraints during Resource Balancing                        ; On                                ; On                         ;
; Ignore translate_off and synthesis_off directives                          ; Off                               ; Off                        ;
; Timing-Driven Synthesis                                                    ; Off                               ; Off                        ;
; Report Parameter Settings                                                  ; On                                ; On                         ;
; Report Source Assignments                                                  ; On                                ; On                         ;
; Report Connectivity Checks                                                 ; On                                ; On                         ;
; Ignore Maximum Fan-Out Assignments                                         ; Off                               ; Off                        ;
; Synchronization Register Chain Length                                      ; 2                                 ; 2                          ;
; PowerPlay Power Optimization                                               ; Normal compilation                ; Normal compilation         ;
; HDL message level                                                          ; Level2                            ; Level2                     ;
; Suppress Register Optimization Related Messages                            ; Off                               ; Off                        ;
; Number of Removed Registers Reported in Synthesis Report                   ; 5000                              ; 5000                       ;
; Number of Swept Nodes Reported in Synthesis Report                         ; 5000                              ; 5000                       ;
; Number of Inverted Registers Reported in Synthesis Report                  ; 100                               ; 100                        ;
; Clock MUX Protection                                                       ; On                                ; On                         ;
; Auto Gated Clock Conversion                                                ; Off                               ; Off                        ;
; Block Design Naming                                                        ; Auto                              ; Auto                       ;
; SDC constraint protection                                                  ; Off                               ; Off                        ;
; Synthesis Effort                                                           ; Auto                              ; Auto                       ;
; Shift Register Replacement - Allow Asynchronous Clear Signal               ; On                                ; On                         ;
; Pre-Mapping Resynthesis Optimization                                       ; Off                               ; Off                        ;
; Analysis & Synthesis Message Level                                         ; Medium                            ; Medium                     ;
; Disable Register Merging Across Hierarchies                                ; Auto                              ; Auto                       ;
; Resource Aware Inference For Block RAM                                     ; On                                ; On                         ;
; Synthesis Seed                                                             ; 1                                 ; 1                          ;
+----------------------------------------------------------------------------+-----------------------------------+----------------------------+


Parallel compilation was disabled, but you have multiple processors available. Enable parallel compilation to reduce compilation time.
+-------------------------------------+
; Parallel Compilation                ;
+----------------------------+--------+
; Processors                 ; Number ;
+----------------------------+--------+
; Number detected on machine ; 16     ;
; Maximum allowed            ; 1      ;
+----------------------------+--------+


+----------------------------------------------------------------------------------------------------------------------------------------------------------------------------+
; Analysis & Synthesis Source Files Read                                                                                                                                     ;
+-------------------------------------+-----------------+------------------------------+---------------------------------------------------------------------------+---------+
; File Name with User-Entered Path    ; Used in Netlist ; File Type                    ; File Name with Absolute Path                                              ; Library ;
+-------------------------------------+-----------------+------------------------------+---------------------------------------------------------------------------+---------+
; Lab2_22520696_DuongAnhKhoi_BTThem.v ; yes             ; User Verilog HDL File        ; E:/CE213_HDL/ThucHanh/Lab2/SourceCode/Lab2_22520696_DuongAnhKhoi_BTThem.v ;         ;
; altsyncram.tdf                      ; yes             ; Megafunction                 ; e:/quartus/quartus/libraries/megafunctions/altsyncram.tdf                 ;         ;
; stratix_ram_block.inc               ; yes             ; Megafunction                 ; e:/quartus/quartus/libraries/megafunctions/stratix_ram_block.inc          ;         ;
; lpm_mux.inc                         ; yes             ; Megafunction                 ; e:/quartus/quartus/libraries/megafunctions/lpm_mux.inc                    ;         ;
; lpm_decode.inc                      ; yes             ; Megafunction                 ; e:/quartus/quartus/libraries/megafunctions/lpm_decode.inc                 ;         ;
; aglobal130.inc                      ; yes             ; Megafunction                 ; e:/quartus/quartus/libraries/megafunctions/aglobal130.inc                 ;         ;
; a_rdenreg.inc                       ; yes             ; Megafunction                 ; e:/quartus/quartus/libraries/megafunctions/a_rdenreg.inc                  ;         ;
; altrom.inc                          ; yes             ; Megafunction                 ; e:/quartus/quartus/libraries/megafunctions/altrom.inc                     ;         ;
; altram.inc                          ; yes             ; Megafunction                 ; e:/quartus/quartus/libraries/megafunctions/altram.inc                     ;         ;
; altdpram.inc                        ; yes             ; Megafunction                 ; e:/quartus/quartus/libraries/megafunctions/altdpram.inc                   ;         ;
; db/altsyncram_sng1.tdf              ; yes             ; Auto-Generated Megafunction  ; E:/CE213_HDL/ThucHanh/Lab2/SourceCode/db/altsyncram_sng1.tdf              ;         ;
+-------------------------------------+-----------------+------------------------------+---------------------------------------------------------------------------+---------+


+-----------------------------------------------------------+
; Analysis & Synthesis Resource Usage Summary               ;
+---------------------------------------------+-------------+
; Resource                                    ; Usage       ;
+---------------------------------------------+-------------+
; Estimated Total logic elements              ; 64          ;
;                                             ;             ;
; Total combinational functions               ; 0           ;
; Logic element usage by number of LUT inputs ;             ;
;     -- 4 input functions                    ; 0           ;
;     -- 3 input functions                    ; 0           ;
;     -- <=2 input functions                  ; 0           ;
;                                             ;             ;
; Logic elements by mode                      ;             ;
;     -- normal mode                          ; 0           ;
;     -- arithmetic mode                      ; 0           ;
;                                             ;             ;
; Total registers                             ; 64          ;
;     -- Dedicated logic registers            ; 64          ;
;     -- I/O registers                        ; 0           ;
;                                             ;             ;
; I/O pins                                    ; 194         ;
; Total memory bits                           ; 2048        ;
; Embedded Multiplier 9-bit elements          ; 0           ;
; Maximum fan-out node                        ; ReadWriteEn ;
; Maximum fan-out                             ; 128         ;
; Total fan-out                               ; 1088        ;
; Average fan-out                             ; 3.38        ;
+---------------------------------------------+-------------+


+----------------------------------------------------------------------------------------------------------------------------------------------------------------------------------------------------------------------------------------------------------------+
; Analysis & Synthesis Resource Utilization by Entity                                                                                                                                                                                                            ;
+----------------------------------------+-------------------+--------------+-------------+--------------+---------+-----------+------+--------------+--------------------------------------------------------------------------------------------+--------------+
; Compilation Hierarchy Node             ; LC Combinationals ; LC Registers ; Memory Bits ; DSP Elements ; DSP 9x9 ; DSP 18x18 ; Pins ; Virtual Pins ; Full Hierarchy Name                                                                        ; Library Name ;
+----------------------------------------+-------------------+--------------+-------------+--------------+---------+-----------+------+--------------+--------------------------------------------------------------------------------------------+--------------+
; |Lab2_22520696_DuongAnhKhoi_BTThem     ; 0 (0)             ; 64 (64)      ; 2048        ; 0            ; 0       ; 0         ; 194  ; 0            ; |Lab2_22520696_DuongAnhKhoi_BTThem                                                         ; work         ;
;    |altsyncram:regFile_rtl_0|          ; 0 (0)             ; 0 (0)        ; 1024        ; 0            ; 0       ; 0         ; 0    ; 0            ; |Lab2_22520696_DuongAnhKhoi_BTThem|altsyncram:regFile_rtl_0                                ; work         ;
;       |altsyncram_sng1:auto_generated| ; 0 (0)             ; 0 (0)        ; 1024        ; 0            ; 0       ; 0         ; 0    ; 0            ; |Lab2_22520696_DuongAnhKhoi_BTThem|altsyncram:regFile_rtl_0|altsyncram_sng1:auto_generated ; work         ;
;    |altsyncram:regFile_rtl_1|          ; 0 (0)             ; 0 (0)        ; 1024        ; 0            ; 0       ; 0         ; 0    ; 0            ; |Lab2_22520696_DuongAnhKhoi_BTThem|altsyncram:regFile_rtl_1                                ; work         ;
;       |altsyncram_sng1:auto_generated| ; 0 (0)             ; 0 (0)        ; 1024        ; 0            ; 0       ; 0         ; 0    ; 0            ; |Lab2_22520696_DuongAnhKhoi_BTThem|altsyncram:regFile_rtl_1|altsyncram_sng1:auto_generated ; work         ;
+----------------------------------------+-------------------+--------------+-------------+--------------+---------+-----------+------+--------------+--------------------------------------------------------------------------------------------+--------------+
Note: For table entries with two numbers listed, the numbers in parentheses indicate the number of resources of the given type used by the specific entity alone. The numbers listed outside of parentheses indicate the total resources of the given type used by the specific entity and all of its sub-entities in the hierarchy.


+------------------------------------------------------------------------------------------------------------------------------------------------------------------------+
; Analysis & Synthesis RAM Summary                                                                                                                                       ;
+--------------------------------------------------------------------+------+------------------+--------------+--------------+--------------+--------------+------+------+
; Name                                                               ; Type ; Mode             ; Port A Depth ; Port A Width ; Port B Depth ; Port B Width ; Size ; MIF  ;
+--------------------------------------------------------------------+------+------------------+--------------+--------------+--------------+--------------+------+------+
; altsyncram:regFile_rtl_0|altsyncram_sng1:auto_generated|ALTSYNCRAM ; AUTO ; Simple Dual Port ; 32           ; 32           ; 32           ; 32           ; 1024 ; None ;
; altsyncram:regFile_rtl_1|altsyncram_sng1:auto_generated|ALTSYNCRAM ; AUTO ; Simple Dual Port ; 32           ; 32           ; 32           ; 32           ; 1024 ; None ;
+--------------------------------------------------------------------+------+------------------+--------------+--------------+--------------+--------------+------+------+


+------------------------------------------------------+
; General Register Statistics                          ;
+----------------------------------------------+-------+
; Statistic                                    ; Value ;
+----------------------------------------------+-------+
; Total registers                              ; 64    ;
; Number of registers using Synchronous Clear  ; 0     ;
; Number of registers using Synchronous Load   ; 0     ;
; Number of registers using Asynchronous Clear ; 0     ;
; Number of registers using Asynchronous Load  ; 0     ;
; Number of registers using Clock Enable       ; 0     ;
; Number of registers using Preset             ; 0     ;
+----------------------------------------------+-------+


+----------------------------------------------+
; Registers Packed Into Inferred Megafunctions ;
+--------------------+---------------+---------+
; Register Name      ; Megafunction  ; Type    ;
+--------------------+---------------+---------+
; ReadData1[0]~reg0  ; regFile_rtl_0 ; RAM     ;
; ReadData1[1]~reg0  ; regFile_rtl_0 ; RAM     ;
; ReadData1[2]~reg0  ; regFile_rtl_0 ; RAM     ;
; ReadData1[3]~reg0  ; regFile_rtl_0 ; RAM     ;
; ReadData1[4]~reg0  ; regFile_rtl_0 ; RAM     ;
; ReadData1[5]~reg0  ; regFile_rtl_0 ; RAM     ;
; ReadData1[6]~reg0  ; regFile_rtl_0 ; RAM     ;
; ReadData1[7]~reg0  ; regFile_rtl_0 ; RAM     ;
; ReadData1[8]~reg0  ; regFile_rtl_0 ; RAM     ;
; ReadData1[9]~reg0  ; regFile_rtl_0 ; RAM     ;
; ReadData1[10]~reg0 ; regFile_rtl_0 ; RAM     ;
; ReadData1[11]~reg0 ; regFile_rtl_0 ; RAM     ;
; ReadData1[12]~reg0 ; regFile_rtl_0 ; RAM     ;
; ReadData1[13]~reg0 ; regFile_rtl_0 ; RAM     ;
; ReadData1[14]~reg0 ; regFile_rtl_0 ; RAM     ;
; ReadData1[15]~reg0 ; regFile_rtl_0 ; RAM     ;
; ReadData1[16]~reg0 ; regFile_rtl_0 ; RAM     ;
; ReadData1[17]~reg0 ; regFile_rtl_0 ; RAM     ;
; ReadData1[18]~reg0 ; regFile_rtl_0 ; RAM     ;
; ReadData1[19]~reg0 ; regFile_rtl_0 ; RAM     ;
; ReadData1[20]~reg0 ; regFile_rtl_0 ; RAM     ;
; ReadData1[21]~reg0 ; regFile_rtl_0 ; RAM     ;
; ReadData1[22]~reg0 ; regFile_rtl_0 ; RAM     ;
; ReadData1[23]~reg0 ; regFile_rtl_0 ; RAM     ;
; ReadData1[24]~reg0 ; regFile_rtl_0 ; RAM     ;
; ReadData1[25]~reg0 ; regFile_rtl_0 ; RAM     ;
; ReadData1[26]~reg0 ; regFile_rtl_0 ; RAM     ;
; ReadData1[27]~reg0 ; regFile_rtl_0 ; RAM     ;
; ReadData1[28]~reg0 ; regFile_rtl_0 ; RAM     ;
; ReadData1[29]~reg0 ; regFile_rtl_0 ; RAM     ;
; ReadData1[30]~reg0 ; regFile_rtl_0 ; RAM     ;
; ReadData1[31]~reg0 ; regFile_rtl_0 ; RAM     ;
; ReadData2[0]~reg0  ; regFile_rtl_1 ; RAM     ;
; ReadData2[1]~reg0  ; regFile_rtl_1 ; RAM     ;
; ReadData2[2]~reg0  ; regFile_rtl_1 ; RAM     ;
; ReadData2[3]~reg0  ; regFile_rtl_1 ; RAM     ;
; ReadData2[4]~reg0  ; regFile_rtl_1 ; RAM     ;
; ReadData2[5]~reg0  ; regFile_rtl_1 ; RAM     ;
; ReadData2[6]~reg0  ; regFile_rtl_1 ; RAM     ;
; ReadData2[7]~reg0  ; regFile_rtl_1 ; RAM     ;
; ReadData2[8]~reg0  ; regFile_rtl_1 ; RAM     ;
; ReadData2[9]~reg0  ; regFile_rtl_1 ; RAM     ;
; ReadData2[10]~reg0 ; regFile_rtl_1 ; RAM     ;
; ReadData2[11]~reg0 ; regFile_rtl_1 ; RAM     ;
; ReadData2[12]~reg0 ; regFile_rtl_1 ; RAM     ;
; ReadData2[13]~reg0 ; regFile_rtl_1 ; RAM     ;
; ReadData2[14]~reg0 ; regFile_rtl_1 ; RAM     ;
; ReadData2[15]~reg0 ; regFile_rtl_1 ; RAM     ;
; ReadData2[16]~reg0 ; regFile_rtl_1 ; RAM     ;
; ReadData2[17]~reg0 ; regFile_rtl_1 ; RAM     ;
; ReadData2[18]~reg0 ; regFile_rtl_1 ; RAM     ;
; ReadData2[19]~reg0 ; regFile_rtl_1 ; RAM     ;
; ReadData2[20]~reg0 ; regFile_rtl_1 ; RAM     ;
; ReadData2[21]~reg0 ; regFile_rtl_1 ; RAM     ;
; ReadData2[22]~reg0 ; regFile_rtl_1 ; RAM     ;
; ReadData2[23]~reg0 ; regFile_rtl_1 ; RAM     ;
; ReadData2[24]~reg0 ; regFile_rtl_1 ; RAM     ;
; ReadData2[25]~reg0 ; regFile_rtl_1 ; RAM     ;
; ReadData2[26]~reg0 ; regFile_rtl_1 ; RAM     ;
; ReadData2[27]~reg0 ; regFile_rtl_1 ; RAM     ;
; ReadData2[28]~reg0 ; regFile_rtl_1 ; RAM     ;
; ReadData2[29]~reg0 ; regFile_rtl_1 ; RAM     ;
; ReadData2[30]~reg0 ; regFile_rtl_1 ; RAM     ;
; ReadData2[31]~reg0 ; regFile_rtl_1 ; RAM     ;
+--------------------+---------------+---------+


+--------------------------------------------------------------------------------+
; Source assignments for altsyncram:regFile_rtl_0|altsyncram_sng1:auto_generated ;
+---------------------------------+--------------------+------+------------------+
; Assignment                      ; Value              ; From ; To               ;
+---------------------------------+--------------------+------+------------------+
; OPTIMIZE_POWER_DURING_SYNTHESIS ; NORMAL_COMPILATION ; -    ; -                ;
+---------------------------------+--------------------+------+------------------+


+--------------------------------------------------------------------------------+
; Source assignments for altsyncram:regFile_rtl_1|altsyncram_sng1:auto_generated ;
+---------------------------------+--------------------+------+------------------+
; Assignment                      ; Value              ; From ; To               ;
+---------------------------------+--------------------+------+------------------+
; OPTIMIZE_POWER_DURING_SYNTHESIS ; NORMAL_COMPILATION ; -    ; -                ;
+---------------------------------+--------------------+------+------------------+


+----------------------------------------------------------------------------+
; Parameter Settings for Inferred Entity Instance: altsyncram:regFile_rtl_0  ;
+------------------------------------+----------------------+----------------+
; Parameter Name                     ; Value                ; Type           ;
+------------------------------------+----------------------+----------------+
; BYTE_SIZE_BLOCK                    ; 8                    ; Untyped        ;
; AUTO_CARRY_CHAINS                  ; ON                   ; AUTO_CARRY     ;
; IGNORE_CARRY_BUFFERS               ; OFF                  ; IGNORE_CARRY   ;
; AUTO_CASCADE_CHAINS                ; ON                   ; AUTO_CASCADE   ;
; IGNORE_CASCADE_BUFFERS             ; OFF                  ; IGNORE_CASCADE ;
; WIDTH_BYTEENA                      ; 1                    ; Untyped        ;
; OPERATION_MODE                     ; DUAL_PORT            ; Untyped        ;
; WIDTH_A                            ; 32                   ; Untyped        ;
; WIDTHAD_A                          ; 5                    ; Untyped        ;
; NUMWORDS_A                         ; 32                   ; Untyped        ;
; OUTDATA_REG_A                      ; UNREGISTERED         ; Untyped        ;
; ADDRESS_ACLR_A                     ; NONE                 ; Untyped        ;
; OUTDATA_ACLR_A                     ; NONE                 ; Untyped        ;
; WRCONTROL_ACLR_A                   ; NONE                 ; Untyped        ;
; INDATA_ACLR_A                      ; NONE                 ; Untyped        ;
; BYTEENA_ACLR_A                     ; NONE                 ; Untyped        ;
; WIDTH_B                            ; 32                   ; Untyped        ;
; WIDTHAD_B                          ; 5                    ; Untyped        ;
; NUMWORDS_B                         ; 32                   ; Untyped        ;
; INDATA_REG_B                       ; CLOCK1               ; Untyped        ;
; WRCONTROL_WRADDRESS_REG_B          ; CLOCK1               ; Untyped        ;
; RDCONTROL_REG_B                    ; CLOCK1               ; Untyped        ;
; ADDRESS_REG_B                      ; CLOCK0               ; Untyped        ;
; OUTDATA_REG_B                      ; UNREGISTERED         ; Untyped        ;
; BYTEENA_REG_B                      ; CLOCK1               ; Untyped        ;
; INDATA_ACLR_B                      ; NONE                 ; Untyped        ;
; WRCONTROL_ACLR_B                   ; NONE                 ; Untyped        ;
; ADDRESS_ACLR_B                     ; NONE                 ; Untyped        ;
; OUTDATA_ACLR_B                     ; NONE                 ; Untyped        ;
; RDCONTROL_ACLR_B                   ; NONE                 ; Untyped        ;
; BYTEENA_ACLR_B                     ; NONE                 ; Untyped        ;
; WIDTH_BYTEENA_A                    ; 1                    ; Untyped        ;
; WIDTH_BYTEENA_B                    ; 1                    ; Untyped        ;
; RAM_BLOCK_TYPE                     ; AUTO                 ; Untyped        ;
; BYTE_SIZE                          ; 8                    ; Untyped        ;
; READ_DURING_WRITE_MODE_MIXED_PORTS ; OLD_DATA             ; Untyped        ;
; READ_DURING_WRITE_MODE_PORT_A      ; NEW_DATA_NO_NBE_READ ; Untyped        ;
; READ_DURING_WRITE_MODE_PORT_B      ; NEW_DATA_NO_NBE_READ ; Untyped        ;
; INIT_FILE                          ; UNUSED               ; Untyped        ;
; INIT_FILE_LAYOUT                   ; PORT_A               ; Untyped        ;
; MAXIMUM_DEPTH                      ; 0                    ; Untyped        ;
; CLOCK_ENABLE_INPUT_A               ; NORMAL               ; Untyped        ;
; CLOCK_ENABLE_INPUT_B               ; NORMAL               ; Untyped        ;
; CLOCK_ENABLE_OUTPUT_A              ; NORMAL               ; Untyped        ;
; CLOCK_ENABLE_OUTPUT_B              ; NORMAL               ; Untyped        ;
; CLOCK_ENABLE_CORE_A                ; USE_INPUT_CLKEN      ; Untyped        ;
; CLOCK_ENABLE_CORE_B                ; USE_INPUT_CLKEN      ; Untyped        ;
; ENABLE_ECC                         ; FALSE                ; Untyped        ;
; ECC_PIPELINE_STAGE_ENABLED         ; FALSE                ; Untyped        ;
; WIDTH_ECCSTATUS                    ; 3                    ; Untyped        ;
; DEVICE_FAMILY                      ; Cyclone II           ; Untyped        ;
; CBXI_PARAMETER                     ; altsyncram_sng1      ; Untyped        ;
+------------------------------------+----------------------+----------------+
Note: In order to hide this table in the UI and the text report file, please set the "Show Parameter Settings in Synthesis Report" option in "Analysis and Synthesis Settings -> More Settings" to "Off".


+----------------------------------------------------------------------------+
; Parameter Settings for Inferred Entity Instance: altsyncram:regFile_rtl_1  ;
+------------------------------------+----------------------+----------------+
; Parameter Name                     ; Value                ; Type           ;
+------------------------------------+----------------------+----------------+
; BYTE_SIZE_BLOCK                    ; 8                    ; Untyped        ;
; AUTO_CARRY_CHAINS                  ; ON                   ; AUTO_CARRY     ;
; IGNORE_CARRY_BUFFERS               ; OFF                  ; IGNORE_CARRY   ;
; AUTO_CASCADE_CHAINS                ; ON                   ; AUTO_CASCADE   ;
; IGNORE_CASCADE_BUFFERS             ; OFF                  ; IGNORE_CASCADE ;
; WIDTH_BYTEENA                      ; 1                    ; Untyped        ;
; OPERATION_MODE                     ; DUAL_PORT            ; Untyped        ;
; WIDTH_A                            ; 32                   ; Untyped        ;
; WIDTHAD_A                          ; 5                    ; Untyped        ;
; NUMWORDS_A                         ; 32                   ; Untyped        ;
; OUTDATA_REG_A                      ; UNREGISTERED         ; Untyped        ;
; ADDRESS_ACLR_A                     ; NONE                 ; Untyped        ;
; OUTDATA_ACLR_A                     ; NONE                 ; Untyped        ;
; WRCONTROL_ACLR_A                   ; NONE                 ; Untyped        ;
; INDATA_ACLR_A                      ; NONE                 ; Untyped        ;
; BYTEENA_ACLR_A                     ; NONE                 ; Untyped        ;
; WIDTH_B                            ; 32                   ; Untyped        ;
; WIDTHAD_B                          ; 5                    ; Untyped        ;
; NUMWORDS_B                         ; 32                   ; Untyped        ;
; INDATA_REG_B                       ; CLOCK1               ; Untyped        ;
; WRCONTROL_WRADDRESS_REG_B          ; CLOCK1               ; Untyped        ;
; RDCONTROL_REG_B                    ; CLOCK1               ; Untyped        ;
; ADDRESS_REG_B                      ; CLOCK0               ; Untyped        ;
; OUTDATA_REG_B                      ; UNREGISTERED         ; Untyped        ;
; BYTEENA_REG_B                      ; CLOCK1               ; Untyped        ;
; INDATA_ACLR_B                      ; NONE                 ; Untyped        ;
; WRCONTROL_ACLR_B                   ; NONE                 ; Untyped        ;
; ADDRESS_ACLR_B                     ; NONE                 ; Untyped        ;
; OUTDATA_ACLR_B                     ; NONE                 ; Untyped        ;
; RDCONTROL_ACLR_B                   ; NONE                 ; Untyped        ;
; BYTEENA_ACLR_B                     ; NONE                 ; Untyped        ;
; WIDTH_BYTEENA_A                    ; 1                    ; Untyped        ;
; WIDTH_BYTEENA_B                    ; 1                    ; Untyped        ;
; RAM_BLOCK_TYPE                     ; AUTO                 ; Untyped        ;
; BYTE_SIZE                          ; 8                    ; Untyped        ;
; READ_DURING_WRITE_MODE_MIXED_PORTS ; OLD_DATA             ; Untyped        ;
; READ_DURING_WRITE_MODE_PORT_A      ; NEW_DATA_NO_NBE_READ ; Untyped        ;
; READ_DURING_WRITE_MODE_PORT_B      ; NEW_DATA_NO_NBE_READ ; Untyped        ;
; INIT_FILE                          ; UNUSED               ; Untyped        ;
; INIT_FILE_LAYOUT                   ; PORT_A               ; Untyped        ;
; MAXIMUM_DEPTH                      ; 0                    ; Untyped        ;
; CLOCK_ENABLE_INPUT_A               ; NORMAL               ; Untyped        ;
; CLOCK_ENABLE_INPUT_B               ; NORMAL               ; Untyped        ;
; CLOCK_ENABLE_OUTPUT_A              ; NORMAL               ; Untyped        ;
; CLOCK_ENABLE_OUTPUT_B              ; NORMAL               ; Untyped        ;
; CLOCK_ENABLE_CORE_A                ; USE_INPUT_CLKEN      ; Untyped        ;
; CLOCK_ENABLE_CORE_B                ; USE_INPUT_CLKEN      ; Untyped        ;
; ENABLE_ECC                         ; FALSE                ; Untyped        ;
; ECC_PIPELINE_STAGE_ENABLED         ; FALSE                ; Untyped        ;
; WIDTH_ECCSTATUS                    ; 3                    ; Untyped        ;
; DEVICE_FAMILY                      ; Cyclone II           ; Untyped        ;
; CBXI_PARAMETER                     ; altsyncram_sng1      ; Untyped        ;
+------------------------------------+----------------------+----------------+
Note: In order to hide this table in the UI and the text report file, please set the "Show Parameter Settings in Synthesis Report" option in "Analysis and Synthesis Settings -> More Settings" to "Off".


+----------------------------------------------------------------------+
; altsyncram Parameter Settings by Entity Instance                     ;
+-------------------------------------------+--------------------------+
; Name                                      ; Value                    ;
+-------------------------------------------+--------------------------+
; Number of entity instances                ; 2                        ;
; Entity Instance                           ; altsyncram:regFile_rtl_0 ;
;     -- OPERATION_MODE                     ; DUAL_PORT                ;
;     -- WIDTH_A                            ; 32                       ;
;     -- NUMWORDS_A                         ; 32                       ;
;     -- OUTDATA_REG_A                      ; UNREGISTERED             ;
;     -- WIDTH_B                            ; 32                       ;
;     -- NUMWORDS_B                         ; 32                       ;
;     -- ADDRESS_REG_B                      ; CLOCK0                   ;
;     -- OUTDATA_REG_B                      ; UNREGISTERED             ;
;     -- RAM_BLOCK_TYPE                     ; AUTO                     ;
;     -- READ_DURING_WRITE_MODE_MIXED_PORTS ; OLD_DATA                 ;
; Entity Instance                           ; altsyncram:regFile_rtl_1 ;
;     -- OPERATION_MODE                     ; DUAL_PORT                ;
;     -- WIDTH_A                            ; 32                       ;
;     -- NUMWORDS_A                         ; 32                       ;
;     -- OUTDATA_REG_A                      ; UNREGISTERED             ;
;     -- WIDTH_B                            ; 32                       ;
;     -- NUMWORDS_B                         ; 32                       ;
;     -- ADDRESS_REG_B                      ; CLOCK0                   ;
;     -- OUTDATA_REG_B                      ; UNREGISTERED             ;
;     -- RAM_BLOCK_TYPE                     ; AUTO                     ;
;     -- READ_DURING_WRITE_MODE_MIXED_PORTS ; OLD_DATA                 ;
+-------------------------------------------+--------------------------+


+-------------------------------+
; Elapsed Time Per Partition    ;
+----------------+--------------+
; Partition Name ; Elapsed Time ;
+----------------+--------------+
; Top            ; 00:00:00     ;
+----------------+--------------+


+-------------------------------+
; Analysis & Synthesis Messages ;
+-------------------------------+
Info: *******************************************************************
Info: Running Quartus II 64-Bit Analysis & Synthesis
    Info: Version 13.0.1 Build 232 06/12/2013 Service Pack 1 SJ Web Edition
    Info: Processing started: Sun Apr 06 22:01:17 2025
Info: Command: quartus_map --read_settings_files=on --write_settings_files=off Lab2_22520696_DuongAnhKhoi -c Lab2_22520696_DuongAnhKhoi
Warning (20028): Parallel compilation is not licensed and has been disabled
Info (12021): Found 1 design units, including 1 entities, in source file lab2_22520696_duonganhkhoi.v
    Info (12023): Found entity 1: Lab2_22520696_DuongAnhKhoi
Info (12021): Found 1 design units, including 1 entities, in source file lab2_22520696_duonganhkhoi_btthem.v
    Info (12023): Found entity 1: Lab2_22520696_DuongAnhKhoi_BTThem
Info (12021): Found 1 design units, including 1 entities, in source file lab2_22520696_duonganhkhoi_tester.v
    Info (12023): Found entity 1: Lab2_22520696_DuongAnhKhoi_Tester
Info (12127): Elaborating entity "Lab2_22520696_DuongAnhKhoi_BTThem" for the top level hierarchy
Info (19000): Inferred 2 megafunctions from design logic
    Info (276029): Inferred altsyncram megafunction from the following design logic: "regFile_rtl_0" 
        Info (286033): Parameter OPERATION_MODE set to DUAL_PORT
        Info (286033): Parameter WIDTH_A set to 32
        Info (286033): Parameter WIDTHAD_A set to 5
        Info (286033): Parameter NUMWORDS_A set to 32
        Info (286033): Parameter WIDTH_B set to 32
        Info (286033): Parameter WIDTHAD_B set to 5
        Info (286033): Parameter NUMWORDS_B set to 32
        Info (286033): Parameter ADDRESS_ACLR_A set to NONE
        Info (286033): Parameter OUTDATA_REG_B set to UNREGISTERED
        Info (286033): Parameter ADDRESS_ACLR_B set to NONE
        Info (286033): Parameter OUTDATA_ACLR_B set to NONE
        Info (286033): Parameter ADDRESS_REG_B set to CLOCK0
        Info (286033): Parameter INDATA_ACLR_A set to NONE
        Info (286033): Parameter WRCONTROL_ACLR_A set to NONE
        Info (286033): Parameter READ_DURING_WRITE_MODE_MIXED_PORTS set to OLD_DATA
    Info (276029): Inferred altsyncram megafunction from the following design logic: "regFile_rtl_1" 
        Info (286033): Parameter OPERATION_MODE set to DUAL_PORT
        Info (286033): Parameter WIDTH_A set to 32
        Info (286033): Parameter WIDTHAD_A set to 5
        Info (286033): Parameter NUMWORDS_A set to 32
        Info (286033): Parameter WIDTH_B set to 32
        Info (286033): Parameter WIDTHAD_B set to 5
        Info (286033): Parameter NUMWORDS_B set to 32
        Info (286033): Parameter ADDRESS_ACLR_A set to NONE
        Info (286033): Parameter OUTDATA_REG_B set to UNREGISTERED
        Info (286033): Parameter ADDRESS_ACLR_B set to NONE
        Info (286033): Parameter OUTDATA_ACLR_B set to NONE
        Info (286033): Parameter ADDRESS_REG_B set to CLOCK0
        Info (286033): Parameter INDATA_ACLR_A set to NONE
        Info (286033): Parameter WRCONTROL_ACLR_A set to NONE
        Info (286033): Parameter READ_DURING_WRITE_MODE_MIXED_PORTS set to OLD_DATA
Info (12130): Elaborated megafunction instantiation "altsyncram:regFile_rtl_0"
Info (12133): Instantiated megafunction "altsyncram:regFile_rtl_0" with the following parameter:
    Info (12134): Parameter "OPERATION_MODE" = "DUAL_PORT"
    Info (12134): Parameter "WIDTH_A" = "32"
    Info (12134): Parameter "WIDTHAD_A" = "5"
    Info (12134): Parameter "NUMWORDS_A" = "32"
    Info (12134): Parameter "WIDTH_B" = "32"
    Info (12134): Parameter "WIDTHAD_B" = "5"
    Info (12134): Parameter "NUMWORDS_B" = "32"
    Info (12134): Parameter "ADDRESS_ACLR_A" = "NONE"
    Info (12134): Parameter "OUTDATA_REG_B" = "UNREGISTERED"
    Info (12134): Parameter "ADDRESS_ACLR_B" = "NONE"
    Info (12134): Parameter "OUTDATA_ACLR_B" = "NONE"
    Info (12134): Parameter "ADDRESS_REG_B" = "CLOCK0"
    Info (12134): Parameter "INDATA_ACLR_A" = "NONE"
    Info (12134): Parameter "WRCONTROL_ACLR_A" = "NONE"
    Info (12134): Parameter "READ_DURING_WRITE_MODE_MIXED_PORTS" = "OLD_DATA"
Info (12021): Found 1 design units, including 1 entities, in source file db/altsyncram_sng1.tdf
    Info (12023): Found entity 1: altsyncram_sng1
Info (144001): Generated suppressed messages file E:/CE213_HDL/ThucHanh/Lab2/SourceCode/output_files/Lab2_22520696_DuongAnhKhoi.map.smsg
Info (16010): Generating hard_block partition "hard_block:auto_generated_inst"
    Info (16011): Adding 0 node(s), including 0 DDIO, 0 PLL, 0 transceiver and 0 LCELL
Warning (21074): Design contains 81 input pin(s) that do not drive logic
    Warning (15610): No output dependent on input pin "ReadAdd1[5]"
    Warning (15610): No output dependent on input pin "ReadAdd1[6]"
    Warning (15610): No output dependent on input pin "ReadAdd1[7]"
    Warning (15610): No output dependent on input pin "ReadAdd1[8]"
    Warning (15610): No output dependent on input pin "ReadAdd1[9]"
    Warning (15610): No output dependent on input pin "ReadAdd1[10]"
    Warning (15610): No output dependent on input pin "ReadAdd1[11]"
    Warning (15610): No output dependent on input pin "ReadAdd1[12]"
    Warning (15610): No output dependent on input pin "ReadAdd1[13]"
    Warning (15610): No output dependent on input pin "ReadAdd1[14]"
    Warning (15610): No output dependent on input pin "ReadAdd1[15]"
    Warning (15610): No output dependent on input pin "ReadAdd1[16]"
    Warning (15610): No output dependent on input pin "ReadAdd1[17]"
    Warning (15610): No output dependent on input pin "ReadAdd1[18]"
    Warning (15610): No output dependent on input pin "ReadAdd1[19]"
    Warning (15610): No output dependent on input pin "ReadAdd1[20]"
    Warning (15610): No output dependent on input pin "ReadAdd1[21]"
    Warning (15610): No output dependent on input pin "ReadAdd1[22]"
    Warning (15610): No output dependent on input pin "ReadAdd1[23]"
    Warning (15610): No output dependent on input pin "ReadAdd1[24]"
    Warning (15610): No output dependent on input pin "ReadAdd1[25]"
    Warning (15610): No output dependent on input pin "ReadAdd1[26]"
    Warning (15610): No output dependent on input pin "ReadAdd1[27]"
    Warning (15610): No output dependent on input pin "ReadAdd1[28]"
    Warning (15610): No output dependent on input pin "ReadAdd1[29]"
    Warning (15610): No output dependent on input pin "ReadAdd1[30]"
    Warning (15610): No output dependent on input pin "ReadAdd1[31]"
    Warning (15610): No output dependent on input pin "ReadAdd2[5]"
    Warning (15610): No output dependent on input pin "ReadAdd2[6]"
    Warning (15610): No output dependent on input pin "ReadAdd2[7]"
    Warning (15610): No output dependent on input pin "ReadAdd2[8]"
    Warning (15610): No output dependent on input pin "ReadAdd2[9]"
    Warning (15610): No output dependent on input pin "ReadAdd2[10]"
    Warning (15610): No output dependent on input pin "ReadAdd2[11]"
    Warning (15610): No output dependent on input pin "ReadAdd2[12]"
    Warning (15610): No output dependent on input pin "ReadAdd2[13]"
    Warning (15610): No output dependent on input pin "ReadAdd2[14]"
    Warning (15610): No output dependent on input pin "ReadAdd2[15]"
    Warning (15610): No output dependent on input pin "ReadAdd2[16]"
    Warning (15610): No output dependent on input pin "ReadAdd2[17]"
    Warning (15610): No output dependent on input pin "ReadAdd2[18]"
    Warning (15610): No output dependent on input pin "ReadAdd2[19]"
    Warning (15610): No output dependent on input pin "ReadAdd2[20]"
    Warning (15610): No output dependent on input pin "ReadAdd2[21]"
    Warning (15610): No output dependent on input pin "ReadAdd2[22]"
    Warning (15610): No output dependent on input pin "ReadAdd2[23]"
    Warning (15610): No output dependent on input pin "ReadAdd2[24]"
    Warning (15610): No output dependent on input pin "ReadAdd2[25]"
    Warning (15610): No output dependent on input pin "ReadAdd2[26]"
    Warning (15610): No output dependent on input pin "ReadAdd2[27]"
    Warning (15610): No output dependent on input pin "ReadAdd2[28]"
    Warning (15610): No output dependent on input pin "ReadAdd2[29]"
    Warning (15610): No output dependent on input pin "ReadAdd2[30]"
    Warning (15610): No output dependent on input pin "ReadAdd2[31]"
    Warning (15610): No output dependent on input pin "WriteAdd[5]"
    Warning (15610): No output dependent on input pin "WriteAdd[6]"
    Warning (15610): No output dependent on input pin "WriteAdd[7]"
    Warning (15610): No output dependent on input pin "WriteAdd[8]"
    Warning (15610): No output dependent on input pin "WriteAdd[9]"
    Warning (15610): No output dependent on input pin "WriteAdd[10]"
    Warning (15610): No output dependent on input pin "WriteAdd[11]"
    Warning (15610): No output dependent on input pin "WriteAdd[12]"
    Warning (15610): No output dependent on input pin "WriteAdd[13]"
    Warning (15610): No output dependent on input pin "WriteAdd[14]"
    Warning (15610): No output dependent on input pin "WriteAdd[15]"
    Warning (15610): No output dependent on input pin "WriteAdd[16]"
    Warning (15610): No output dependent on input pin "WriteAdd[17]"
    Warning (15610): No output dependent on input pin "WriteAdd[18]"
    Warning (15610): No output dependent on input pin "WriteAdd[19]"
    Warning (15610): No output dependent on input pin "WriteAdd[20]"
    Warning (15610): No output dependent on input pin "WriteAdd[21]"
    Warning (15610): No output dependent on input pin "WriteAdd[22]"
    Warning (15610): No output dependent on input pin "WriteAdd[23]"
    Warning (15610): No output dependent on input pin "WriteAdd[24]"
    Warning (15610): No output dependent on input pin "WriteAdd[25]"
    Warning (15610): No output dependent on input pin "WriteAdd[26]"
    Warning (15610): No output dependent on input pin "WriteAdd[27]"
    Warning (15610): No output dependent on input pin "WriteAdd[28]"
    Warning (15610): No output dependent on input pin "WriteAdd[29]"
    Warning (15610): No output dependent on input pin "WriteAdd[30]"
    Warning (15610): No output dependent on input pin "WriteAdd[31]"
Info (21057): Implemented 322 device resources after synthesis - the final resource count might be different
    Info (21058): Implemented 130 input pins
    Info (21059): Implemented 64 output pins
    Info (21061): Implemented 64 logic cells
    Info (21064): Implemented 64 RAM segments
Info: Quartus II 64-Bit Analysis & Synthesis was successful. 0 errors, 83 warnings
    Info: Peak virtual memory: 4628 megabytes
    Info: Processing ended: Sun Apr 06 22:01:18 2025
    Info: Elapsed time: 00:00:01
    Info: Total CPU time (on all processors): 00:00:01


+------------------------------------------+
; Analysis & Synthesis Suppressed Messages ;
+------------------------------------------+
The suppressed messages can be found in E:/CE213_HDL/ThucHanh/Lab2/SourceCode/output_files/Lab2_22520696_DuongAnhKhoi.map.smsg.


