Flow report for Lab2_22520696_DuongAnhKhoi
Sun Apr 06 22:01:26 2025
Quartus II 64-Bit Version 13.0.1 Build 232 06/12/2013 Service Pack 1 SJ Web Edition


---------------------
; Table of Contents ;
---------------------
  1. Legal Notice
  2. Flow Summary
  3. Flow Settings
  4. Flow Non-Default Global Settings
  5. Flow Elapsed Time
  6. Flow OS Summary
  7. Flow Log
  8. Flow Messages
  9. Flow Suppressed Messages



----------------
; Legal Notice ;
----------------
Copyright (C) 1991-2013 Altera Corporation
Your use of Altera Corporation's design tools, logic functions 
and other software and tools, and its AMPP partner logic 
functions, and any output files from any of the foregoing 
(including device programming or simulation files), and any 
associated documentation or information are expressly subject 
to the terms and conditions of the Altera Program License 
Subscription Agreement, Altera MegaCore Function License 
Agreement, or other applicable license agreement, including, 
without limitation, that your use is for the sole purpose of 
programming logic devices manufactured by Altera and sold by 
Altera or its authorized distributors.  Please refer to the 
applicable agreement for further details.



+--------------------------------------------------------------------------------------+
; Flow Summary                                                                         ;
+------------------------------------+-------------------------------------------------+
; Flow Status                        ; Successful - Sun Apr 06 22:01:26 2025           ;
; Quartus II 64-Bit Version          ; 13.0.1 Build 232 06/12/2013 SP 1 SJ Web Edition ;
; Revision Name                      ; Lab2_22520696_DuongAnhKhoi                      ;
; Top-level Entity Name              ; Lab2_22520696_DuongAnhKhoi_BTThem               ;
; Family                             ; Cyclone II                                      ;
; Device                             ; EP2C35F672C6                                    ;
; Timing Models                      ; Final                                           ;
; Total logic elements               ; 64 / 33,216 ( < 1 % )                           ;
;     Total combinational functions  ; 0 / 33,216 ( 0 % )                              ;
;     Dedicated logic registers      ; 64 / 33,216 ( < 1 % )                           ;
; Total registers                    ; 64                                              ;
; Total pins                         ; 194 / 475 ( 41 % )                              ;
; Total virtual pins                 ; 0                                               ;
; Total memory bits                  ; 2,048 / 483,840 ( < 1 % )                       ;
; Embedded Multiplier 9-bit elements ; 0 / 70 ( 0 % )                                  ;
; Total PLLs                         ; 0 / 4 ( 0 % )                                   ;
+------------------------------------+-------------------------------------------------+


+------------------------------------------------+
; Flow Settings                                  ;
+-------------------+----------------------------+
; Option            ; Setting                    ;
+-------------------+----------------------------+
; Start date & time ; 04/06/2025 22:01:18        ;
; Main task         ; Compilation                ;
; Revision Name     ; Lab2_22520696_DuongAnhKhoi ;
+-------------------+----------------------------+


+-----------------------------------------------------------------------------------------------------------------------------------------------------------------------------------+
; Flow Non-Default Global Settings                                                                                                                                                  ;
+--------------------------------------+---------------------------------------+----------------------------+-----------------------------------+-----------------------------------+
; Assignment Name                      ; Value                                 ; Default Value              ; Entity Name                       ; Section Id                        ;
+--------------------------------------+---------------------------------------+----------------------------+-----------------------------------+-----------------------------------+
; COMPILER_SIGNATURE_ID                ; 233730243073818.174395167823592       ; --                         ; --                                ; --                                ;
; EDA_DESIGN_INSTANCE_NAME             ; NA                                    ; --                         ; --                                ; Lab2_22520696_DuongAnhKhoi_Tester ;
; EDA_GENERATE_FUNCTIONAL_NETLIST      ; On                                    ; --                         ; --                                ; eda_simulation                    ;
; EDA_NATIVELINK_SIMULATION_TEST_BENCH ; Lab2_22520696_DuongAnhKhoi_Tester     ; --                         ; --                                ; eda_simulation                    ;
; EDA_OUTPUT_DATA_FORMAT               ; Verilog Hdl                           ; --                         ; --                                ; eda_simulation                    ;
; EDA_SIMULATION_TOOL                  ; ModelSim-Altera (Verilog)             ; <None>                     ; --                                ; --                                ;
; EDA_TEST_BENCH_ENABLE_STATUS         ; TEST_BENCH_MODE                       ; --                         ; --                                ; eda_simulation                    ;
; EDA_TEST_BENCH_FILE                  ; Lab2_22520696_DuongAnhKhoi_Tester.v   ; --                         ; --                                ; Lab2_22520696_DuongAnhKhoi_Tester ;
; EDA_TEST_BENCH_MODULE_NAME           ; Lab2_22520696_DuongAnhKhoi_Tester     ; --                         ; --                                ; Lab2_22520696_DuongAnhKhoi_Tester ;
; EDA_TEST_BENCH_NAME                  ; Lab2_22520696_DuongAnhKhoi_Tester     ; --                         ; --                                ; eda_simulation                    ;
; EDA_TIME_SCALE                       ; 100 ps                                ; --                         ; --                                ; eda_simulation                    ;
; MAX_CORE_JUNCTION_TEMP               ; 85                                    ; --                         ; --                                ; --                                ;
; MIN_CORE_JUNCTION_TEMP               ; 0                                     ; --                         ; --                                ; --                                ;
; PARTITION_COLOR                      ; 16764057                              ; --                         ; Lab2_22520696_DuongAnhKhoi_BTThem ; Top                               ;
; PARTITION_FITTER_PRESERVATION_LEVEL  ; PLACEMENT_AND_ROUTING                 ; --                         ; Lab2_22520696_DuongAnhKhoi_BTThem ; Top                               ;
; PARTITION_NETLIST_TYPE               ; SOURCE                                ; --                         ; Lab2_22520696_DuongAnhKhoi_BTThem ; Top                               ;
; POWER_BOARD_THERMAL_MODEL            ; None (CONSERVATIVE)                   ; --                         ; --                                ; --                                ;
; POWER_PRESET_COOLING_SOLUTION        ; 23 MM HEAT SINK WITH 200 LFPM AIRFLOW ; --                         ; --                                ; --                                ;
; PROJECT_OUTPUT_DIRECTORY             ; output_files                          ; --                         ; --                                ; --                                ;
; TOP_LEVEL_ENTITY                     ; Lab2_22520696_DuongAnhKhoi_BTThem     ; Lab2_22520696_DuongAnhKhoi ; --                                ; --                                ;
+--------------------------------------+---------------------------------------+----------------------------+-----------------------------------+-----------------------------------+


+-------------------------------------------------------------------------------------------------------------------------------+
; Flow Elapsed Time                                                                                                             ;
+---------------------------+--------------+-------------------------+---------------------+------------------------------------+
; Module Name               ; Elapsed Time ; Average Processors Used ; Peak Virtual Memory ; Total CPU Time (on all processors) ;
+---------------------------+--------------+-------------------------+---------------------+------------------------------------+
; Analysis & Synthesis      ; 00:00:01     ; 1.0                     ; 4618 MB             ; 00:00:01                           ;
; Fitter                    ; 00:00:03     ; 1.0                     ; 4889 MB             ; 00:00:03                           ;
; Assembler                 ; 00:00:01     ; 1.0                     ; 4566 MB             ; 00:00:01                           ;
; TimeQuest Timing Analyzer ; 00:00:00     ; 1.0                     ; 4557 MB             ; 00:00:01                           ;
; EDA Netlist Writer        ; 00:00:00     ; 1.0                     ; 4513 MB             ; 00:00:00                           ;
; Total                     ; 00:00:05     ; --                      ; --                  ; 00:00:06                           ;
+---------------------------+--------------+-------------------------+---------------------+------------------------------------+


+----------------------------------------------------------------------------------------+
; Flow OS Summary                                                                        ;
+---------------------------+------------------+-----------+------------+----------------+
; Module Name               ; Machine Hostname ; OS Name   ; OS Version ; Processor type ;
+---------------------------+------------------+-----------+------------+----------------+
; Analysis & Synthesis      ; DESKTOP-3S3D64T  ; Windows 7 ; 6.2        ; x86_64         ;
; Fitter                    ; DESKTOP-3S3D64T  ; Windows 7 ; 6.2        ; x86_64         ;
; Assembler                 ; DESKTOP-3S3D64T  ; Windows 7 ; 6.2        ; x86_64         ;
; TimeQuest Timing Analyzer ; DESKTOP-3S3D64T  ; Windows 7 ; 6.2        ; x86_64         ;
; EDA Netlist Writer        ; DESKTOP-3S3D64T  ; Windows 7 ; 6.2        ; x86_64         ;
+---------------------------+------------------+-----------+------------+----------------+


------------
; Flow Log ;
------------
quartus_map --read_settings_files=on --write_settings_files=off Lab2_22520696_DuongAnhKhoi -c Lab2_22520696_DuongAnhKhoi
quartus_fit --read_settings_files=off --write_settings_files=off Lab2_22520696_DuongAnhKhoi -c Lab2_22520696_DuongAnhKhoi
quartus_asm --read_settings_files=off --write_settings_files=off Lab2_22520696_DuongAnhKhoi -c Lab2_22520696_DuongAnhKhoi
quartus_sta Lab2_22520696_DuongAnhKhoi -c Lab2_22520696_DuongAnhKhoi
quartus_eda --read_settings_files=off --write_settings_files=off Lab2_22520696_DuongAnhKhoi -c Lab2_22520696_DuongAnhKhoi



